<?xml version="1.0" encoding="UTF-8"?>
<testsuite xmlns:xsi="http://www.w3.org/2001/XMLSchema-instance" xsi:noNamespaceSchemaLocation="https://maven.apache.org/surefire/maven-surefire-plugin/xsd/surefire-test-report-3.0.xsd" version="3.0" name="org.example.TestRunner.runners" time="247.79" tests="19" errors="0" skipped="0" failures="5">
  <properties>
[...]
</properties>
  <testcase name="runScenario" classname="org.example.TestRunner.runners" time="18.969"/>
  <testcase name="runScenario" classname="org.example.TestRunner.runners" time="20.642">
    <failure message="no such element: Unable to locate element: {&quot;method&quot;:&quot;xpath&quot;,&quot;selector&quot;:&quot;//a[@class=&quot;ico-account&quot;]&quot;}&#10;  (Session info: chrome=109.0.5414.120)&#10;For documentation on this error, please visit: https://selenium.dev/exceptions/#no_such_element&#10;Build info: version: &apos;4.3.0&apos;, revision: &apos;a4995e2c09*&apos;&#10;System info: host: &apos;DESKTOP-RUFP0BD&apos;, ip: &apos;192.168.1.13&apos;, os.name: &apos;Windows 10&apos;, os.arch: &apos;amd64&apos;, os.version: &apos;10.0&apos;, java.version: &apos;1.8.0_271&apos;&#10;Driver info: org.openqa.selenium.chrome.ChromeDriver&#10;Command: [e7ef30fdc10df7b71f5bbe0053102923, findElement {using=xpath, value=//a[@class=&quot;ico-account&quot;]}]&#10;Capabilities {acceptInsecureCerts: false, browserName: chrome, browserVersion: 109.0.5414.120, chrome: {chromedriverVersion: 109.0.5414.25 (771113d280dd..., userDataDir: C:\Users\SMART\AppData\Loca...}, goog:chromeOptions: {debuggerAddress: localhost:63015}, networkConnectionEnabled: false, pageLoadStrategy: normal, platformName: WINDOWS, proxy: Proxy(), se:cdp: ws://localhost:63015/devtoo..., se:cdpVersion: 109.0.5414.120, setWindowRect: true, strictFileInteractability: false, timeouts: {implicit: 0, pageLoad: 300000, script: 30000}, unhandledPromptBehavior: dismiss and notify, webauthn:extension:credBlob: true, webauthn:extension:largeBlob: true, webauthn:virtualAuthenticators: true}&#10;Session ID: e7ef30fdc10df7b71f5bbe0053102923" type="org.openqa.selenium.NoSuchElementException"><![CDATA[org.openqa.selenium.NoSuchElementException: 
no such element: Unable to locate element: {"method":"xpath","selector":"//a[@class="ico-account"]"}
  (Session info: chrome=109.0.5414.120)
For documentation on this error, please visit: https://selenium.dev/exceptions/#no_such_element
Build info: version: '4.3.0', revision: 'a4995e2c09*'
System info: host: 'DESKTOP-RUFP0BD', ip: '192.168.1.13', os.name: 'Windows 10', os.arch: 'amd64', os.version: '10.0', java.version: '1.8.0_271'
Driver info: org.openqa.selenium.chrome.ChromeDriver
Command: [e7ef30fdc10df7b71f5bbe0053102923, findElement {using=xpath, value=//a[@class="ico-account"]}]
Capabilities {acceptInsecureCerts: false, browserName: chrome, browserVersion: 109.0.5414.120, chrome: {chromedriverVersion: 109.0.5414.25 (771113d280dd..., userDataDir: C:\Users\SMART\AppData\Loca...}, goog:chromeOptions: {debuggerAddress: localhost:63015}, networkConnectionEnabled: false, pageLoadStrategy: normal, platformName: WINDOWS, proxy: Proxy(), se:cdp: ws://localhost:63015/devtoo..., se:cdpVersion: 109.0.5414.120, setWindowRect: true, strictFileInteractability: false, timeouts: {implicit: 0, pageLoad: 300000, script: 30000}, unhandledPromptBehavior: dismiss and notify, webauthn:extension:credBlob: true, webauthn:extension:largeBlob: true, webauthn:virtualAuthenticators: true}
Session ID: e7ef30fdc10df7b71f5bbe0053102923
]]></failure>
    <system-out><![CDATA[
@smoke
Scenario: User could login with valid email and password &amp#27;[90m# src/main/resources/features/F02_Login.feature:3&amp#27;[0m
  &amp#27;[32mGiven &amp#27;[0m&amp#27;[32mUser go to login page&amp#27;[0m                            &amp#27;[90m# org.example.StepDefinitions.D02_loginStepDef.loginLink()&amp#27;[0m
  &amp#27;[32mWhen &amp#27;[0m&amp#27;[32mUser login with valid email and password&amp#27;[0m          &amp#27;[90m# org.example.StepDefinitions.D02_loginStepDef.login_With_Valid_Email_And_Password()&amp#27;[0m
  &amp#27;[32mThen &amp#27;[0m&amp#27;[32mUser click on login button&amp#27;[0m                        &amp#27;[90m# org.example.StepDefinitions.D02_loginStepDef.click_on_login()&amp#27;[0m
  &amp#27;[31mThen &amp#27;[0m&amp#27;[31mUser login to the system successfully&amp#27;[0m             &amp#27;[90m# org.example.StepDefinitions.D02_loginStepDef.User_login_to_the_system_successfully()&amp#27;[0m
      &amp#27;[31morg.openqa.selenium.NoSuchElementException: no such element: Unable to locate element: {"method":"xpath","selector":"//a[@class="ico-account"]"}
  (Session info: chrome=109.0.5414.120)
For documentation on this error, please visit: https://selenium.dev/exceptions/#no_such_element
Build info: version: '4.3.0', revision: 'a4995e2c09*'
System info: host: 'DESKTOP-RUFP0BD', ip: '192.168.1.13', os.name: 'Windows 10', os.arch: 'amd64', os.version: '10.0', java.version: '1.8.0_271'
Driver info: org.openqa.selenium.chrome.ChromeDriver
Command: [e7ef30fdc10df7b71f5bbe0053102923, findElement {using=xpath, value=//a[@class="ico-account"]}]
Capabilities {acceptInsecureCerts: false, browserName: chrome, browserVersion: 109.0.5414.120, chrome: {chromedriverVersion: 109.0.5414.25 (771113d280dd..., userDataDir: C:\Users\SMART\AppData\Loca...}, goog:chromeOptions: {debuggerAddress: localhost:63015}, networkConnectionEnabled: false, pageLoadStrategy: normal, platformName: WINDOWS, proxy: Proxy(), se:cdp: ws://localhost:63015/devtoo..., se:cdpVersion: 109.0.5414.120, setWindowRect: true, strictFileInteractability: false, timeouts: {implicit: 0, pageLoad: 300000, script: 30000}, unhandledPromptBehavior: dismiss and notify, webauthn:extension:credBlob: true, webauthn:extension:largeBlob: true, webauthn:virtualAuthenticators: true}
Session ID: e7ef30fdc10df7b71f5bbe0053102923
	at sun.reflect.NativeConstructorAccessorImpl.newInstance0(Native Method)
	at sun.reflect.NativeConstructorAccessorImpl.newInstance(NativeConstructorAccessorImpl.java:62)
	at sun.reflect.DelegatingConstructorAccessorImpl.newInstance(DelegatingConstructorAccessorImpl.java:45)
	at java.lang.reflect.Constructor.newInstance(Constructor.java:423)
	at org.openqa.selenium.remote.codec.w3c.W3CHttpResponseCodec.createException(W3CHttpResponseCodec.java:200)
	at org.openqa.selenium.remote.codec.w3c.W3CHttpResponseCodec.decode(W3CHttpResponseCodec.java:133)
	at org.openqa.selenium.remote.codec.w3c.W3CHttpResponseCodec.decode(W3CHttpResponseCodec.java:53)
	at org.openqa.selenium.remote.HttpCommandExecutor.execute(HttpCommandExecutor.java:184)
	at org.openqa.selenium.remote.service.DriverCommandExecutor.invokeExecute(DriverCommandExecutor.java:167)
	at org.openqa.selenium.remote.service.DriverCommandExecutor.execute(DriverCommandExecutor.java:142)
	at org.openqa.selenium.remote.RemoteWebDriver.execute(RemoteWebDriver.java:569)
	at org.openqa.selenium.remote.ElementLocation$ElementFinder$2.findElement(ElementLocation.java:162)
	at org.openqa.selenium.remote.ElementLocation.findElement(ElementLocation.java:60)
	at org.openqa.selenium.remote.RemoteWebDriver.findElement(RemoteWebDriver.java:387)
	at org.openqa.selenium.remote.RemoteWebDriver.findElement(RemoteWebDriver.java:379)
	at org.example.Pages.P02_login.my_Account(P02_login.java:22)
	at org.example.StepDefinitions.D02_loginStepDef.User_login_to_the_system_successfully(D02_loginStepDef.java:31)
	at âœ½.User login to the system successfully(file:///C:/Users/SMART/IdeaProjects/FWD_E-commerce_App_Automation_Testing/src/main/resources/features/F02_Login.feature:7)
&amp#27;[0m
]]></system-out>
    <system-err><![CDATA[Starting ChromeDriver 109.0.5414.25 (771113d280dd3dda2fb422a6c805f0eb2b8ee6ed-refs/branch-heads/5414@{#303}) on port 49325
Only local connections are allowed.
Please see https://chromedriver.chromium.org/security-considerations for suggestions on keeping ChromeDriver safe.
ChromeDriver was started successfully.
Feb 13, 2023 2:31:02 AM org.openqa.selenium.remote.ProtocolHandshake createSession
INFO: Detected upstream dialect: W3C
Feb 13, 2023 2:31:02 AM org.openqa.selenium.devtools.CdpVersionFinder findNearestMatch
WARNING: Unable to find an exact match for CDP version 109, so returning the closest version found: a no-op implementation
Feb 13, 2023 2:31:02 AM org.openqa.selenium.devtools.CdpVersionFinder findNearestMatch
INFO: Unable to find CDP implementation matching 109.
Feb 13, 2023 2:31:02 AM org.openqa.selenium.chromium.ChromiumDriver lambda$new$3
WARNING: Unable to find version of CDP to use for . You may need to include a dependency on a specific version of the CDP using something similar to `org.seleniumhq.selenium:selenium-devtools-v86:4.3.0` where the version ("v86") matches the version of the chromium-based browser you're using and the version number of the artifact is the same as Selenium's.
]]></system-err>
  </testcase>
  <testcase name="runScenario" classname="org.example.TestRunner.runners" time="10.162"/>
  <testcase name="runScenario" classname="org.example.TestRunner.runners" time="9.039"/>
  <testcase name="runScenario" classname="org.example.TestRunner.runners" time="9.172">
    <failure message="The following asserts failed:&#10;	expected [true] but found [false],&#10;	expected [true] but found [false]" type="java.lang.AssertionError"><![CDATA[java.lang.AssertionError: 
The following asserts failed:
	expected [true] but found [false],
	expected [true] but found [false]
]]></failure>
    <system-out><![CDATA[
@smoke
Scenario Outline: User search by product name                          &amp#27;[90m# src/main/resources/features/F04_Search.feature:9&amp#27;[0m
  &amp#27;[32mWhen &amp#27;[0m&amp#27;[32mUser search by product name &amp#27;[0m&amp#27;[32m&amp#27;[1m"book"&amp#27;[0m&amp#27;[32m in search field&amp#27;[0m              &amp#27;[90m# org.example.StepDefinitions.D04_SearchStepDef.search_By_Name(java.lang.String)&amp#27;[0m
  &amp#27;[32mAnd &amp#27;[0m&amp#27;[32mUser click on search button&amp#27;[0m                                      &amp#27;[90m# org.example.StepDefinitions.D04_SearchStepDef.click_On_Search_Button()&amp#27;[0m
  &amp#27;[31mThen &amp#27;[0m&amp#27;[31mResults appear with products related to the product name &amp#27;[0m&amp#27;[31m&amp#27;[1m"book"&amp#27;[0m &amp#27;[90m# org.example.StepDefinitions.D04_SearchStepDef.results_With_Name(java.lang.String)&amp#27;[0m
      &amp#27;[31mjava.lang.AssertionError: The following asserts failed:
	expected [true] but found [false],
	expected [true] but found [false]
	at org.testng.asserts.SoftAssert.assertAll(SoftAssert.java:46)
	at org.testng.asserts.SoftAssert.assertAll(SoftAssert.java:30)
	at org.example.StepDefinitions.D04_SearchStepDef.results_With_Name(D04_SearchStepDef.java:32)
	at âœ½.Results appear with products related to the product name "book"(file:///C:/Users/SMART/IdeaProjects/FWD_E-commerce_App_Automation_Testing/src/main/resources/features/F04_Search.feature:6)
&amp#27;[0m
]]></system-out>
    <system-err><![CDATA[Starting ChromeDriver 109.0.5414.25 (771113d280dd3dda2fb422a6c805f0eb2b8ee6ed-refs/branch-heads/5414@{#303}) on port 55164
Only local connections are allowed.
Please see https://chromedriver.chromium.org/security-considerations for suggestions on keeping ChromeDriver safe.
ChromeDriver was started successfully.
Feb 13, 2023 2:31:41 AM org.openqa.selenium.remote.ProtocolHandshake createSession
INFO: Detected upstream dialect: W3C
Feb 13, 2023 2:31:41 AM org.openqa.selenium.devtools.CdpVersionFinder findNearestMatch
WARNING: Unable to find an exact match for CDP version 109, so returning the closest version found: a no-op implementation
Feb 13, 2023 2:31:41 AM org.openqa.selenium.devtools.CdpVersionFinder findNearestMatch
INFO: Unable to find CDP implementation matching 109.
Feb 13, 2023 2:31:41 AM org.openqa.selenium.chromium.ChromiumDriver lambda$new$3
WARNING: Unable to find version of CDP to use for . You may need to include a dependency on a specific version of the CDP using something similar to `org.seleniumhq.selenium:selenium-devtools-v86:4.3.0` where the version ("v86") matches the version of the chromium-based browser you're using and the version number of the artifact is the same as Selenium's.
]]></system-err>
  </testcase>
  <testcase name="runScenario" classname="org.example.TestRunner.runners" time="8.244"/>
  <testcase name="runScenario" classname="org.example.TestRunner.runners" time="8.293"/>
  <testcase name="runScenario" classname="org.example.TestRunner.runners" time="11.192"/>
  <testcase name="runScenario" classname="org.example.TestRunner.runners" time="9.347"/>
  <testcase name="runScenario" classname="org.example.TestRunner.runners" time="14.77"/>
  <testcase name="runScenario" classname="org.example.TestRunner.runners" time="8.009"/>
  <testcase name="runScenario" classname="org.example.TestRunner.runners" time="7.403">
    <failure message="expected [https://demo.nopcommerce.com/nokia-lumia-1020] but found [https://demo.nopcommerce.com/]" type="java.lang.AssertionError"><![CDATA[java.lang.AssertionError: expected [https://demo.nopcommerce.com/nokia-lumia-1020] but found [https://demo.nopcommerce.com/]
]]></failure>
    <system-out><![CDATA[
@smoke
Scenario: User could click on first slider and navigate to page of product &amp#27;[90m# src/main/resources/features/F06_homeSliders.feature:3&amp#27;[0m
  &amp#27;[32mWhen &amp#27;[0m&amp#27;[32mUser click on first slider&amp#27;[0m                                          &amp#27;[90m# org.example.StepDefinitions.D06_homeSlidersStepDef.click_on_first_Slider()&amp#27;[0m
  &amp#27;[31mThen &amp#27;[0m&amp#27;[31mUser should be navigated to first slider page&amp#27;[0m                       &amp#27;[90m# org.example.StepDefinitions.D06_homeSlidersStepDef.check_Navigate_of_FirstSlider()&amp#27;[0m
      &amp#27;[31mjava.lang.AssertionError: expected [https://demo.nopcommerce.com/nokia-lumia-1020] but found [https://demo.nopcommerce.com/]
	at org.testng.Assert.fail(Assert.java:110)
	at org.testng.Assert.failNotEquals(Assert.java:1413)
	at org.testng.Assert.assertEqualsImpl(Assert.java:149)
	at org.testng.Assert.assertEquals(Assert.java:131)
	at org.testng.Assert.assertEquals(Assert.java:655)
	at org.testng.Assert.assertEquals(Assert.java:665)
	at org.example.StepDefinitions.D06_homeSlidersStepDef.check_Navigate_of_FirstSlider(D06_homeSlidersStepDef.java:24)
	at âœ½.User should be navigated to first slider page(file:///C:/Users/SMART/IdeaProjects/FWD_E-commerce_App_Automation_Testing/src/main/resources/features/F06_homeSliders.feature:5)
&amp#27;[0m
]]></system-out>
    <system-err><![CDATA[Starting ChromeDriver 109.0.5414.25 (771113d280dd3dda2fb422a6c805f0eb2b8ee6ed-refs/branch-heads/5414@{#303}) on port 65062
Only local connections are allowed.
Please see https://chromedriver.chromium.org/security-considerations for suggestions on keeping ChromeDriver safe.
ChromeDriver was started successfully.
Feb 13, 2023 2:32:50 AM org.openqa.selenium.remote.ProtocolHandshake createSession
INFO: Detected upstream dialect: W3C
Feb 13, 2023 2:32:50 AM org.openqa.selenium.devtools.CdpVersionFinder findNearestMatch
WARNING: Unable to find an exact match for CDP version 109, so returning the closest version found: a no-op implementation
Feb 13, 2023 2:32:50 AM org.openqa.selenium.devtools.CdpVersionFinder findNearestMatch
INFO: Unable to find CDP implementation matching 109.
Feb 13, 2023 2:32:50 AM org.openqa.selenium.chromium.ChromiumDriver lambda$new$3
WARNING: Unable to find version of CDP to use for . You may need to include a dependency on a specific version of the CDP using something similar to `org.seleniumhq.selenium:selenium-devtools-v86:4.3.0` where the version ("v86") matches the version of the chromium-based browser you're using and the version number of the artifact is the same as Selenium's.
]]></system-err>
  </testcase>
  <testcase name="runScenario" classname="org.example.TestRunner.runners" time="10.985">
    <failure message="expected [https://demo.nopcommerce.com/iphone-6] but found [https://demo.nopcommerce.com/]" type="java.lang.AssertionError"><![CDATA[java.lang.AssertionError: expected [https://demo.nopcommerce.com/iphone-6] but found [https://demo.nopcommerce.com/]
]]></failure>
    <system-out><![CDATA[
@smoke
Scenario: User could click on second slider and navigate to page of product &amp#27;[90m# src/main/resources/features/F06_homeSliders.feature:7&amp#27;[0m
  &amp#27;[32mWhen &amp#27;[0m&amp#27;[32mUser click on second slider&amp#27;[0m                                          &amp#27;[90m# org.example.StepDefinitions.D06_homeSlidersStepDef.click_on_second_Slider()&amp#27;[0m
  &amp#27;[31mThen &amp#27;[0m&amp#27;[31mUser should be navigated to second slider page&amp#27;[0m                       &amp#27;[90m# org.example.StepDefinitions.D06_homeSlidersStepDef.check_Navigate_of_SecondSlider()&amp#27;[0m
      &amp#27;[31mjava.lang.AssertionError: expected [https://demo.nopcommerce.com/iphone-6] but found [https://demo.nopcommerce.com/]
	at org.testng.Assert.fail(Assert.java:110)
	at org.testng.Assert.failNotEquals(Assert.java:1413)
	at org.testng.Assert.assertEqualsImpl(Assert.java:149)
	at org.testng.Assert.assertEquals(Assert.java:131)
	at org.testng.Assert.assertEquals(Assert.java:655)
	at org.testng.Assert.assertEquals(Assert.java:665)
	at org.example.StepDefinitions.D06_homeSlidersStepDef.check_Navigate_of_SecondSlider(D06_homeSlidersStepDef.java:35)
	at âœ½.User should be navigated to second slider page(file:///C:/Users/SMART/IdeaProjects/FWD_E-commerce_App_Automation_Testing/src/main/resources/features/F06_homeSliders.feature:9)
&amp#27;[0m
]]></system-out>
    <system-err><![CDATA[Starting ChromeDriver 109.0.5414.25 (771113d280dd3dda2fb422a6c805f0eb2b8ee6ed-refs/branch-heads/5414@{#303}) on port 62886
Only local connections are allowed.
Please see https://chromedriver.chromium.org/security-considerations for suggestions on keeping ChromeDriver safe.
ChromeDriver was started successfully.
Feb 13, 2023 2:32:58 AM org.openqa.selenium.remote.ProtocolHandshake createSession
INFO: Detected upstream dialect: W3C
Feb 13, 2023 2:32:58 AM org.openqa.selenium.devtools.CdpVersionFinder findNearestMatch
WARNING: Unable to find an exact match for CDP version 109, so returning the closest version found: a no-op implementation
Feb 13, 2023 2:32:58 AM org.openqa.selenium.devtools.CdpVersionFinder findNearestMatch
INFO: Unable to find CDP implementation matching 109.
Feb 13, 2023 2:32:58 AM org.openqa.selenium.chromium.ChromiumDriver lambda$new$3
WARNING: Unable to find version of CDP to use for . You may need to include a dependency on a specific version of the CDP using something similar to `org.seleniumhq.selenium:selenium-devtools-v86:4.3.0` where the version ("v86") matches the version of the chromium-based browser you're using and the version number of the artifact is the same as Selenium's.
]]></system-err>
  </testcase>
  <testcase name="runScenario" classname="org.example.TestRunner.runners" time="10.611"/>
  <testcase name="runScenario" classname="org.example.TestRunner.runners" time="24.354"/>
  <testcase name="runScenario" classname="org.example.TestRunner.runners" time="15.634">
    <failure message="Index: 1, Size: 1" type="java.lang.IndexOutOfBoundsException"><![CDATA[java.lang.IndexOutOfBoundsException: Index: 1, Size: 1
]]></failure>
    <system-out><![CDATA[
@smoke
Scenario: user opens rss link                                                                &amp#27;[90m# src/main/resources/features/F07_followUs.feature:9&amp#27;[0m
  &amp#27;[32mWhen &amp#27;[0m&amp#27;[32mUser click on rss icon&amp#27;[0m                                                                &amp#27;[90m# org.example.StepDefinitions.D07_followUsStepDef.click_On_Rss_Icon()&amp#27;[0m
  &amp#27;[31mThen &amp#27;[0m&amp#27;[31mThis url &amp#27;[0m&amp#27;[31m&amp#27;[1m"https://demo.nopcommerce.com/new-online-store-is-open"&amp#27;[0m&amp#27;[31m is opened in new tab&amp#27;[0m &amp#27;[90m# org.example.StepDefinitions.D07_followUsStepDef.check_Url(java.lang.String)&amp#27;[0m
      &amp#27;[31mjava.lang.IndexOutOfBoundsException: Index: 1, Size: 1
	at java.util.ArrayList.rangeCheck(ArrayList.java:659)
	at java.util.ArrayList.get(ArrayList.java:435)
	at org.example.StepDefinitions.D07_followUsStepDef.check_Url(D07_followUsStepDef.java:35)
	at âœ½.This url "https://demo.nopcommerce.com/new-online-store-is-open" is opened in new tab(file:///C:/Users/SMART/IdeaProjects/FWD_E-commerce_App_Automation_Testing/src/main/resources/features/F07_followUs.feature:11)
&amp#27;[0m
]]></system-out>
    <system-err><![CDATA[Starting ChromeDriver 109.0.5414.25 (771113d280dd3dda2fb422a6c805f0eb2b8ee6ed-refs/branch-heads/5414@{#303}) on port 54191
Only local connections are allowed.
Please see https://chromedriver.chromium.org/security-considerations for suggestions on keeping ChromeDriver safe.
ChromeDriver was started successfully.
Feb 13, 2023 2:33:44 AM org.openqa.selenium.remote.ProtocolHandshake createSession
INFO: Detected upstream dialect: W3C
Feb 13, 2023 2:33:44 AM org.openqa.selenium.devtools.CdpVersionFinder findNearestMatch
WARNING: Unable to find an exact match for CDP version 109, so returning the closest version found: a no-op implementation
Feb 13, 2023 2:33:44 AM org.openqa.selenium.devtools.CdpVersionFinder findNearestMatch
INFO: Unable to find CDP implementation matching 109.
Feb 13, 2023 2:33:44 AM org.openqa.selenium.chromium.ChromiumDriver lambda$new$3
WARNING: Unable to find version of CDP to use for . You may need to include a dependency on a specific version of the CDP using something similar to `org.seleniumhq.selenium:selenium-devtools-v86:4.3.0` where the version ("v86") matches the version of the chromium-based browser you're using and the version number of the artifact is the same as Selenium's.
]]></system-err>
  </testcase>
  <testcase name="runScenario" classname="org.example.TestRunner.runners" time="24.346"/>
  <testcase name="runScenario" classname="org.example.TestRunner.runners" time="10.664"/>
  <testcase name="runScenario" classname="org.example.TestRunner.runners" time="12.318"/>
</testsuite>