[{"line":2,"elements":[{"start_timestamp":"2023-02-11T19:23:25.784Z","before":[{"result":{"duration":11307000000,"status":"passed"},"match":{"location":"org.example.StepDefinitions.Hooks.setUp()"}}],"line":3,"name":"guest user could register with valid data successfully","description":"","id":"f01-register-|-users-could-register-with-new-accounts;guest-user-could-register-with-valid-data-successfully","after":[{"result":{"duration":3880000000,"status":"passed"},"match":{"location":"org.example.StepDefinitions.Hooks.close()"}}],"type":"scenario","keyword":"Scenario","steps":[{"result":{"duration":1397000000,"status":"passed"},"line":4,"name":"User go to register page","match":{"location":"org.example.StepDefinitions.D01_registerStepDef.go_Register_Page()"},"keyword":"Given "},{"result":{"duration":127000000,"status":"passed"},"line":5,"name":"User select gender type","match":{"location":"org.example.StepDefinitions.D01_registerStepDef.select_Gender()"},"keyword":"And "},{"result":{"duration":1826000000,"status":"passed"},"line":6,"name":"User enter valid data","match":{"location":"org.example.StepDefinitions.D01_registerStepDef.user_Enter_Valid_Data()"},"keyword":"When "},{"result":{"duration":2099000000,"status":"passed"},"line":7,"name":"User click on register button","match":{"location":"org.example.StepDefinitions.D01_registerStepDef.click_Register_Button()"},"keyword":"Then "},{"result":{"error_message":"org.openqa.selenium.NoSuchElementException: no such element: Unable to locate element: {\"method\":\"xpath\",\"selector\":\"//div[@class=\"result\"]\"}\n  (Session info: chrome=109.0.5414.120)\nFor documentation on this error, please visit: https://selenium.dev/exceptions/#no_such_element\nBuild info: version: '4.3.0', revision: 'a4995e2c09*'\nSystem info: host: 'DESKTOP-RUFP0BD', ip: '192.168.1.3', os.name: 'Windows 10', os.arch: 'amd64', os.version: '10.0', java.version: '1.8.0_271'\nDriver info: org.openqa.selenium.chrome.ChromeDriver\nCommand: [9dfa30a5a7a0ac346a595c99b52695d3, findElement {using=xpath, value=//div[@class=\"result\"]}]\nCapabilities {acceptInsecureCerts: false, browserName: chrome, browserVersion: 109.0.5414.120, chrome: {chromedriverVersion: 109.0.5414.25 (771113d280dd..., userDataDir: C:\\Users\\SMART\\AppData\\Loca...}, goog:chromeOptions: {debuggerAddress: localhost:51613}, networkConnectionEnabled: false, pageLoadStrategy: normal, platformName: WINDOWS, proxy: Proxy(), se:cdp: ws://localhost:51613/devtoo..., se:cdpVersion: 109.0.5414.120, setWindowRect: true, strictFileInteractability: false, timeouts: {implicit: 0, pageLoad: 300000, script: 30000}, unhandledPromptBehavior: dismiss and notify, webauthn:extension:credBlob: true, webauthn:extension:largeBlob: true, webauthn:virtualAuthenticators: true}\nSession ID: 9dfa30a5a7a0ac346a595c99b52695d3\r\n\tat sun.reflect.NativeConstructorAccessorImpl.newInstance0(Native Method)\r\n\tat sun.reflect.NativeConstructorAccessorImpl.newInstance(NativeConstructorAccessorImpl.java:62)\r\n\tat sun.reflect.DelegatingConstructorAccessorImpl.newInstance(DelegatingConstructorAccessorImpl.java:45)\r\n\tat java.lang.reflect.Constructor.newInstance(Constructor.java:423)\r\n\tat org.openqa.selenium.remote.codec.w3c.W3CHttpResponseCodec.createException(W3CHttpResponseCodec.java:200)\r\n\tat org.openqa.selenium.remote.codec.w3c.W3CHttpResponseCodec.decode(W3CHttpResponseCodec.java:133)\r\n\tat org.openqa.selenium.remote.codec.w3c.W3CHttpResponseCodec.decode(W3CHttpResponseCodec.java:53)\r\n\tat org.openqa.selenium.remote.HttpCommandExecutor.execute(HttpCommandExecutor.java:184)\r\n\tat org.openqa.selenium.remote.service.DriverCommandExecutor.invokeExecute(DriverCommandExecutor.java:167)\r\n\tat org.openqa.selenium.remote.service.DriverCommandExecutor.execute(DriverCommandExecutor.java:142)\r\n\tat org.openqa.selenium.remote.RemoteWebDriver.execute(RemoteWebDriver.java:569)\r\n\tat org.openqa.selenium.remote.ElementLocation$ElementFinder$2.findElement(ElementLocation.java:162)\r\n\tat org.openqa.selenium.remote.ElementLocation.findElement(ElementLocation.java:60)\r\n\tat org.openqa.selenium.remote.RemoteWebDriver.findElement(RemoteWebDriver.java:387)\r\n\tat org.openqa.selenium.remote.RemoteWebDriver.findElement(RemoteWebDriver.java:379)\r\n\tat org.example.Pages.P01_Register.successMessage(P01_Register.java:48)\r\n\tat org.example.StepDefinitions.D01_registerStepDef.success_Message(D01_registerStepDef.java:45)\r\n\tat ✽.Success message is displayed(file:///C:/Users/SMART/IdeaProjects/FWD_E-commerce_App_Automation_Testing/src/main/resources/features/F01_Register.feature:8)\r\n","duration":10141000000,"status":"failed"},"line":8,"name":"Success message is displayed","match":{"location":"org.example.StepDefinitions.D01_registerStepDef.success_Message()"},"keyword":"Then "}],"tags":[{"name":"@smoke"}]}],"name":"F01_Register | users could register with new accounts","description":"","id":"f01-register-|-users-could-register-with-new-accounts","keyword":"Feature","uri":"file:src/main/resources/features/F01_Register.feature","tags":[{"name":"@smoke","type":"Tag","location":{"line":1,"column":1}}]},{"line":2,"elements":[{"start_timestamp":"2023-02-11T19:23:56.712Z","before":[{"result":{"duration":3859000000,"status":"passed"},"match":{"location":"org.example.StepDefinitions.Hooks.setUp()"}}],"line":3,"name":"User could login with valid email and password","description":"","id":"f02-login-|-users-could-use-login-functionality-to-use-their-accounts;user-could-login-with-valid-email-and-password","after":[{"result":{"duration":3813000000,"status":"passed"},"match":{"location":"org.example.StepDefinitions.Hooks.close()"}}],"type":"scenario","keyword":"Scenario","steps":[{"result":{"duration":811000000,"status":"passed"},"line":4,"name":"User go to login page","match":{"location":"org.example.StepDefinitions.D02_loginStepDef.loginLink()"},"keyword":"Given "},{"result":{"duration":348000000,"status":"passed"},"line":5,"name":"User login with valid email and password","match":{"location":"org.example.StepDefinitions.D02_loginStepDef.login_With_Valid_Email_And_Password()"},"keyword":"When "},{"result":{"duration":928000000,"status":"passed"},"line":6,"name":"User click on login button","match":{"location":"org.example.StepDefinitions.D02_loginStepDef.click_on_login()"},"keyword":"Then "},{"result":{"duration":103000000,"status":"passed"},"line":7,"name":"User login to the system successfully","match":{"location":"org.example.StepDefinitions.D02_loginStepDef.User_login_to_the_system_successfully()"},"keyword":"Then "}],"tags":[{"name":"@smoke"}]},{"start_timestamp":"2023-02-11T19:24:06.594Z","before":[{"result":{"duration":3315000000,"status":"passed"},"match":{"location":"org.example.StepDefinitions.Hooks.setUp()"}}],"line":9,"name":"User could not login with invalid email and password","description":"","id":"f02-login-|-users-could-use-login-functionality-to-use-their-accounts;user-could-not-login-with-invalid-email-and-password","after":[{"result":{"duration":3766000000,"status":"passed"},"match":{"location":"org.example.StepDefinitions.Hooks.close()"}}],"type":"scenario","keyword":"Scenario","steps":[{"result":{"duration":828000000,"status":"passed"},"line":10,"name":"User go to login page","match":{"location":"org.example.StepDefinitions.D02_loginStepDef.loginLink()"},"keyword":"Given "},{"result":{"duration":414000000,"status":"passed"},"line":11,"name":"User login with invalid email or password","match":{"location":"org.example.StepDefinitions.D02_loginStepDef.login_With_Invalid_Data()"},"keyword":"When "},{"result":{"duration":504000000,"status":"passed"},"line":12,"name":"User click on login button","match":{"location":"org.example.StepDefinitions.D02_loginStepDef.click_on_login()"},"keyword":"Then "},{"result":{"duration":135000000,"status":"passed"},"line":13,"name":"User could not login to the system","match":{"location":"org.example.StepDefinitions.D02_loginStepDef.error_Message()"},"keyword":"Then "}],"tags":[{"name":"@smoke"}]}],"name":"F02_Login | users could use login functionality to use their accounts","description":"","id":"f02-login-|-users-could-use-login-functionality-to-use-their-accounts","keyword":"Feature","uri":"file:src/main/resources/features/F02_Login.feature","tags":[{"name":"@smoke","type":"Tag","location":{"line":1,"column":1}}]},{"line":2,"elements":[{"start_timestamp":"2023-02-11T19:24:15.574Z","before":[{"result":{"duration":2820000000,"status":"passed"},"match":{"location":"org.example.StepDefinitions.Hooks.setUp()"}}],"line":3,"name":"User could change currencies to euro","description":"","id":"f03-currencies-|-user-could-change-currencies-to-euro;user-could-change-currencies-to-euro","after":[{"result":{"duration":3889000000,"status":"passed"},"match":{"location":"org.example.StepDefinitions.Hooks.close()"}}],"type":"scenario","keyword":"Scenario","steps":[{"result":{"duration":891000000,"status":"passed"},"line":4,"name":"User select euro from dropdown list","match":{"location":"org.example.StepDefinitions.D03_currenciesStepDef.change_Currencies()"},"keyword":"When "},{"result":{"duration":183000000,"status":"passed"},"line":5,"name":"Currencies change successfully","match":{"location":"org.example.StepDefinitions.D03_currenciesStepDef.check_Currencies()"},"keyword":"Then "}],"tags":[{"name":"@smoke"}]}],"name":"F03_currencies | User could change currencies to euro","description":"","id":"f03-currencies-|-user-could-change-currencies-to-euro","keyword":"Feature","uri":"file:src/main/resources/features/F03_currencies.feature","tags":[{"name":"@smoke","type":"Tag","location":{"line":1,"column":1}}]},{"line":2,"elements":[{"start_timestamp":"2023-02-11T19:24:23.383Z","before":[{"result":{"duration":3299000000,"status":"passed"},"match":{"location":"org.example.StepDefinitions.Hooks.setUp()"}}],"line":9,"name":"User search by product name","description":"","id":"f04-|-user-can-search-about-product;user-search-by-product-name;;2","after":[{"result":{"duration":3824000000,"status":"passed"},"match":{"location":"org.example.StepDefinitions.Hooks.close()"}}],"type":"scenario","keyword":"Scenario Outline","steps":[{"result":{"duration":176000000,"status":"passed"},"line":4,"name":"User search by product name \"book\" in search field","match":{"arguments":[{"val":"\"book\"","offset":28}],"location":"org.example.StepDefinitions.D04_SearchStepDef.search_By_Name(java.lang.String)"},"keyword":"When "},{"result":{"duration":1467000000,"status":"passed"},"line":5,"name":"User click on search button","match":{"location":"org.example.StepDefinitions.D04_SearchStepDef.click_On_Search_Button()"},"keyword":"And "},{"result":{"error_message":"java.lang.AssertionError: The following asserts failed:\n\texpected [true] but found [false],\n\texpected [true] but found [false]\r\n\tat org.testng.asserts.SoftAssert.assertAll(SoftAssert.java:46)\r\n\tat org.testng.asserts.SoftAssert.assertAll(SoftAssert.java:30)\r\n\tat org.example.StepDefinitions.D04_SearchStepDef.results_With_Name(D04_SearchStepDef.java:32)\r\n\tat ✽.Results appear with products related to the product name \"book\"(file:///C:/Users/SMART/IdeaProjects/FWD_E-commerce_App_Automation_Testing/src/main/resources/features/F04_Search.feature:6)\r\n","duration":299000000,"status":"failed"},"line":6,"name":"Results appear with products related to the product name \"book\"","match":{"arguments":[{"val":"\"book\"","offset":57}],"location":"org.example.StepDefinitions.D04_SearchStepDef.results_With_Name(java.lang.String)"},"keyword":"Then "}],"tags":[{"name":"@smoke"}]},{"start_timestamp":"2023-02-11T19:24:32.461Z","before":[{"result":{"duration":3315000000,"status":"passed"},"match":{"location":"org.example.StepDefinitions.Hooks.setUp()"}}],"line":10,"name":"User search by product name","description":"","id":"f04-|-user-can-search-about-product;user-search-by-product-name;;3","after":[{"result":{"duration":3815000000,"status":"passed"},"match":{"location":"org.example.StepDefinitions.Hooks.close()"}}],"type":"scenario","keyword":"Scenario Outline","steps":[{"result":{"duration":183000000,"status":"passed"},"line":4,"name":"User search by product name \"laptop\" in search field","match":{"arguments":[{"val":"\"laptop\"","offset":28}],"location":"org.example.StepDefinitions.D04_SearchStepDef.search_By_Name(java.lang.String)"},"keyword":"When "},{"result":{"duration":1119000000,"status":"passed"},"line":5,"name":"User click on search button","match":{"location":"org.example.StepDefinitions.D04_SearchStepDef.click_On_Search_Button()"},"keyword":"And "},{"result":{"duration":116000000,"status":"passed"},"line":6,"name":"Results appear with products related to the product name \"laptop\"","match":{"arguments":[{"val":"\"laptop\"","offset":57}],"location":"org.example.StepDefinitions.D04_SearchStepDef.results_With_Name(java.lang.String)"},"keyword":"Then "}],"tags":[{"name":"@smoke"}]},{"start_timestamp":"2023-02-11T19:24:41.021Z","before":[{"result":{"duration":2815000000,"status":"passed"},"match":{"location":"org.example.StepDefinitions.Hooks.setUp()"}}],"line":11,"name":"User search by product name","description":"","id":"f04-|-user-can-search-about-product;user-search-by-product-name;;4","after":[{"result":{"duration":3802000000,"status":"passed"},"match":{"location":"org.example.StepDefinitions.Hooks.close()"}}],"type":"scenario","keyword":"Scenario Outline","steps":[{"result":{"duration":182000000,"status":"passed"},"line":4,"name":"User search by product name \"nike\" in search field","match":{"arguments":[{"val":"\"nike\"","offset":28}],"location":"org.example.StepDefinitions.D04_SearchStepDef.search_By_Name(java.lang.String)"},"keyword":"When "},{"result":{"duration":1287000000,"status":"passed"},"line":5,"name":"User click on search button","match":{"location":"org.example.StepDefinitions.D04_SearchStepDef.click_On_Search_Button()"},"keyword":"And "},{"result":{"duration":126000000,"status":"passed"},"line":6,"name":"Results appear with products related to the product name \"nike\"","match":{"arguments":[{"val":"\"nike\"","offset":57}],"location":"org.example.StepDefinitions.D04_SearchStepDef.results_With_Name(java.lang.String)"},"keyword":"Then "}],"tags":[{"name":"@smoke"}]},{"start_timestamp":"2023-02-11T19:24:49.247Z","before":[{"result":{"duration":2838000000,"status":"passed"},"match":{"location":"org.example.StepDefinitions.Hooks.setUp()"}}],"line":19,"name":"User search by product sku","description":"","id":"f04-|-user-can-search-about-product;user-search-by-product-sku;;2","after":[{"result":{"duration":3874000000,"status":"passed"},"match":{"location":"org.example.StepDefinitions.Hooks.close()"}}],"type":"scenario","keyword":"Scenario Outline","steps":[{"result":{"duration":178000000,"status":"passed"},"line":14,"name":"User search by product sku \"SCI_FAITH\" in search field","match":{"arguments":[{"val":"\"SCI_FAITH\"","offset":27}],"location":"org.example.StepDefinitions.D04_SearchStepDef.search_By_Sku(java.lang.String)"},"keyword":"When "},{"result":{"duration":1337000000,"status":"passed"},"line":15,"name":"User click on search button","match":{"location":"org.example.StepDefinitions.D04_SearchStepDef.click_On_Search_Button()"},"keyword":"And "},{"result":{"error_message":"org.openqa.selenium.InvalidSelectorException: invalid selector: Unable to locate an element with the xpath expression //*[@class\"sku\"]/span[2] because of the following error:\nSyntaxError: Failed to execute 'evaluate' on 'Document': The string '//*[@class\"sku\"]/span[2]' is not a valid XPath expression.\n  (Session info: chrome=109.0.5414.120)\nFor documentation on this error, please visit: https://selenium.dev/exceptions/#invalid_selector_exception\nBuild info: version: '4.3.0', revision: 'a4995e2c09*'\nSystem info: host: 'DESKTOP-RUFP0BD', ip: '192.168.1.3', os.name: 'Windows 10', os.arch: 'amd64', os.version: '10.0', java.version: '1.8.0_271'\nDriver info: org.openqa.selenium.chrome.ChromeDriver\nCommand: [3335e3520ce2a7cf15632d9a11e3a4ce, findElement {using=xpath, value=//*[@class\"sku\"]/span[2]}]\nCapabilities {acceptInsecureCerts: false, browserName: chrome, browserVersion: 109.0.5414.120, chrome: {chromedriverVersion: 109.0.5414.25 (771113d280dd..., userDataDir: C:\\Users\\SMART\\AppData\\Loca...}, goog:chromeOptions: {debuggerAddress: localhost:51769}, networkConnectionEnabled: false, pageLoadStrategy: normal, platformName: WINDOWS, proxy: Proxy(), se:cdp: ws://localhost:51769/devtoo..., se:cdpVersion: 109.0.5414.120, setWindowRect: true, strictFileInteractability: false, timeouts: {implicit: 0, pageLoad: 300000, script: 30000}, unhandledPromptBehavior: dismiss and notify, webauthn:extension:credBlob: true, webauthn:extension:largeBlob: true, webauthn:virtualAuthenticators: true}\nSession ID: 3335e3520ce2a7cf15632d9a11e3a4ce\r\n\tat sun.reflect.NativeConstructorAccessorImpl.newInstance0(Native Method)\r\n\tat sun.reflect.NativeConstructorAccessorImpl.newInstance(NativeConstructorAccessorImpl.java:62)\r\n\tat sun.reflect.DelegatingConstructorAccessorImpl.newInstance(DelegatingConstructorAccessorImpl.java:45)\r\n\tat java.lang.reflect.Constructor.newInstance(Constructor.java:423)\r\n\tat org.openqa.selenium.remote.codec.w3c.W3CHttpResponseCodec.createException(W3CHttpResponseCodec.java:200)\r\n\tat org.openqa.selenium.remote.codec.w3c.W3CHttpResponseCodec.decode(W3CHttpResponseCodec.java:133)\r\n\tat org.openqa.selenium.remote.codec.w3c.W3CHttpResponseCodec.decode(W3CHttpResponseCodec.java:53)\r\n\tat org.openqa.selenium.remote.HttpCommandExecutor.execute(HttpCommandExecutor.java:184)\r\n\tat org.openqa.selenium.remote.service.DriverCommandExecutor.invokeExecute(DriverCommandExecutor.java:167)\r\n\tat org.openqa.selenium.remote.service.DriverCommandExecutor.execute(DriverCommandExecutor.java:142)\r\n\tat org.openqa.selenium.remote.RemoteWebDriver.execute(RemoteWebDriver.java:569)\r\n\tat org.openqa.selenium.remote.ElementLocation$ElementFinder$2.findElement(ElementLocation.java:162)\r\n\tat org.openqa.selenium.remote.ElementLocation.findElement(ElementLocation.java:60)\r\n\tat org.openqa.selenium.remote.RemoteWebDriver.findElement(RemoteWebDriver.java:387)\r\n\tat org.openqa.selenium.remote.RemoteWebDriver.findElement(RemoteWebDriver.java:379)\r\n\tat org.example.Pages.P04_Search.product_Sku(P04_Search.java:20)\r\n\tat org.example.StepDefinitions.D04_SearchStepDef.result_With_Name(D04_SearchStepDef.java:42)\r\n\tat ✽.Results appear with products related to the product sku \"SCI_FAITH\"(file:///C:/Users/SMART/IdeaProjects/FWD_E-commerce_App_Automation_Testing/src/main/resources/features/F04_Search.feature:16)\r\n","duration":2158000000,"status":"failed"},"line":16,"name":"Results appear with products related to the product sku \"SCI_FAITH\"","match":{"arguments":[{"val":"\"SCI_FAITH\"","offset":56}],"location":"org.example.StepDefinitions.D04_SearchStepDef.result_With_Name(java.lang.String)"},"keyword":"Then "}],"tags":[{"name":"@smoke"}]},{"start_timestamp":"2023-02-11T19:24:59.648Z","before":[{"result":{"duration":2779000000,"status":"passed"},"match":{"location":"org.example.StepDefinitions.Hooks.setUp()"}}],"line":20,"name":"User search by product sku","description":"","id":"f04-|-user-can-search-about-product;user-search-by-product-sku;;3","after":[{"result":{"duration":3793000000,"status":"passed"},"match":{"location":"org.example.StepDefinitions.Hooks.close()"}}],"type":"scenario","keyword":"Scenario Outline","steps":[{"result":{"duration":171000000,"status":"passed"},"line":14,"name":"User search by product sku \"APPLE_CAM\" in search field","match":{"arguments":[{"val":"\"APPLE_CAM\"","offset":27}],"location":"org.example.StepDefinitions.D04_SearchStepDef.search_By_Sku(java.lang.String)"},"keyword":"When "},{"result":{"duration":1626000000,"status":"passed"},"line":15,"name":"User click on search button","match":{"location":"org.example.StepDefinitions.D04_SearchStepDef.click_On_Search_Button()"},"keyword":"And "},{"result":{"error_message":"org.openqa.selenium.InvalidSelectorException: invalid selector: Unable to locate an element with the xpath expression //*[@class\"sku\"]/span[2] because of the following error:\nSyntaxError: Failed to execute 'evaluate' on 'Document': The string '//*[@class\"sku\"]/span[2]' is not a valid XPath expression.\n  (Session info: chrome=109.0.5414.120)\nFor documentation on this error, please visit: https://selenium.dev/exceptions/#invalid_selector_exception\nBuild info: version: '4.3.0', revision: 'a4995e2c09*'\nSystem info: host: 'DESKTOP-RUFP0BD', ip: '192.168.1.3', os.name: 'Windows 10', os.arch: 'amd64', os.version: '10.0', java.version: '1.8.0_271'\nDriver info: org.openqa.selenium.chrome.ChromeDriver\nCommand: [a4832b224447285649c4f838e7f29942, findElement {using=xpath, value=//*[@class\"sku\"]/span[2]}]\nCapabilities {acceptInsecureCerts: false, browserName: chrome, browserVersion: 109.0.5414.120, chrome: {chromedriverVersion: 109.0.5414.25 (771113d280dd..., userDataDir: C:\\Users\\SMART\\AppData\\Loca...}, goog:chromeOptions: {debuggerAddress: localhost:51792}, networkConnectionEnabled: false, pageLoadStrategy: normal, platformName: WINDOWS, proxy: Proxy(), se:cdp: ws://localhost:51792/devtoo..., se:cdpVersion: 109.0.5414.120, setWindowRect: true, strictFileInteractability: false, timeouts: {implicit: 0, pageLoad: 300000, script: 30000}, unhandledPromptBehavior: dismiss and notify, webauthn:extension:credBlob: true, webauthn:extension:largeBlob: true, webauthn:virtualAuthenticators: true}\nSession ID: a4832b224447285649c4f838e7f29942\r\n\tat sun.reflect.NativeConstructorAccessorImpl.newInstance0(Native Method)\r\n\tat sun.reflect.NativeConstructorAccessorImpl.newInstance(NativeConstructorAccessorImpl.java:62)\r\n\tat sun.reflect.DelegatingConstructorAccessorImpl.newInstance(DelegatingConstructorAccessorImpl.java:45)\r\n\tat java.lang.reflect.Constructor.newInstance(Constructor.java:423)\r\n\tat org.openqa.selenium.remote.codec.w3c.W3CHttpResponseCodec.createException(W3CHttpResponseCodec.java:200)\r\n\tat org.openqa.selenium.remote.codec.w3c.W3CHttpResponseCodec.decode(W3CHttpResponseCodec.java:133)\r\n\tat org.openqa.selenium.remote.codec.w3c.W3CHttpResponseCodec.decode(W3CHttpResponseCodec.java:53)\r\n\tat org.openqa.selenium.remote.HttpCommandExecutor.execute(HttpCommandExecutor.java:184)\r\n\tat org.openqa.selenium.remote.service.DriverCommandExecutor.invokeExecute(DriverCommandExecutor.java:167)\r\n\tat org.openqa.selenium.remote.service.DriverCommandExecutor.execute(DriverCommandExecutor.java:142)\r\n\tat org.openqa.selenium.remote.RemoteWebDriver.execute(RemoteWebDriver.java:569)\r\n\tat org.openqa.selenium.remote.ElementLocation$ElementFinder$2.findElement(ElementLocation.java:162)\r\n\tat org.openqa.selenium.remote.ElementLocation.findElement(ElementLocation.java:60)\r\n\tat org.openqa.selenium.remote.RemoteWebDriver.findElement(RemoteWebDriver.java:387)\r\n\tat org.openqa.selenium.remote.RemoteWebDriver.findElement(RemoteWebDriver.java:379)\r\n\tat org.example.Pages.P04_Search.product_Sku(P04_Search.java:20)\r\n\tat org.example.StepDefinitions.D04_SearchStepDef.result_With_Name(D04_SearchStepDef.java:42)\r\n\tat ✽.Results appear with products related to the product sku \"APPLE_CAM\"(file:///C:/Users/SMART/IdeaProjects/FWD_E-commerce_App_Automation_Testing/src/main/resources/features/F04_Search.feature:16)\r\n","duration":2085000000,"status":"failed"},"line":16,"name":"Results appear with products related to the product sku \"APPLE_CAM\"","match":{"arguments":[{"val":"\"APPLE_CAM\"","offset":56}],"location":"org.example.StepDefinitions.D04_SearchStepDef.result_With_Name(java.lang.String)"},"keyword":"Then "}],"tags":[{"name":"@smoke"}]},{"start_timestamp":"2023-02-11T19:25:10.125Z","before":[{"result":{"duration":2883000000,"status":"passed"},"match":{"location":"org.example.StepDefinitions.Hooks.setUp()"}}],"line":21,"name":"User search by product sku","description":"","id":"f04-|-user-can-search-about-product;user-search-by-product-sku;;4","after":[{"result":{"duration":3777000000,"status":"passed"},"match":{"location":"org.example.StepDefinitions.Hooks.close()"}}],"type":"scenario","keyword":"Scenario Outline","steps":[{"result":{"duration":214000000,"status":"passed"},"line":14,"name":"User search by product sku \"SF_PRO_11\" in search field","match":{"arguments":[{"val":"\"SF_PRO_11\"","offset":27}],"location":"org.example.StepDefinitions.D04_SearchStepDef.search_By_Sku(java.lang.String)"},"keyword":"When "},{"result":{"duration":914000000,"status":"passed"},"line":15,"name":"User click on search button","match":{"location":"org.example.StepDefinitions.D04_SearchStepDef.click_On_Search_Button()"},"keyword":"And "},{"result":{"error_message":"org.openqa.selenium.InvalidSelectorException: invalid selector: Unable to locate an element with the xpath expression //*[@class\"sku\"]/span[2] because of the following error:\nSyntaxError: Failed to execute 'evaluate' on 'Document': The string '//*[@class\"sku\"]/span[2]' is not a valid XPath expression.\n  (Session info: chrome=109.0.5414.120)\nFor documentation on this error, please visit: https://selenium.dev/exceptions/#invalid_selector_exception\nBuild info: version: '4.3.0', revision: 'a4995e2c09*'\nSystem info: host: 'DESKTOP-RUFP0BD', ip: '192.168.1.3', os.name: 'Windows 10', os.arch: 'amd64', os.version: '10.0', java.version: '1.8.0_271'\nDriver info: org.openqa.selenium.chrome.ChromeDriver\nCommand: [034009613cee018808d615bf4b2aca0b, findElement {using=xpath, value=//*[@class\"sku\"]/span[2]}]\nCapabilities {acceptInsecureCerts: false, browserName: chrome, browserVersion: 109.0.5414.120, chrome: {chromedriverVersion: 109.0.5414.25 (771113d280dd..., userDataDir: C:\\Users\\SMART\\AppData\\Loca...}, goog:chromeOptions: {debuggerAddress: localhost:51815}, networkConnectionEnabled: false, pageLoadStrategy: normal, platformName: WINDOWS, proxy: Proxy(), se:cdp: ws://localhost:51815/devtoo..., se:cdpVersion: 109.0.5414.120, setWindowRect: true, strictFileInteractability: false, timeouts: {implicit: 0, pageLoad: 300000, script: 30000}, unhandledPromptBehavior: dismiss and notify, webauthn:extension:credBlob: true, webauthn:extension:largeBlob: true, webauthn:virtualAuthenticators: true}\nSession ID: 034009613cee018808d615bf4b2aca0b\r\n\tat sun.reflect.NativeConstructorAccessorImpl.newInstance0(Native Method)\r\n\tat sun.reflect.NativeConstructorAccessorImpl.newInstance(NativeConstructorAccessorImpl.java:62)\r\n\tat sun.reflect.DelegatingConstructorAccessorImpl.newInstance(DelegatingConstructorAccessorImpl.java:45)\r\n\tat java.lang.reflect.Constructor.newInstance(Constructor.java:423)\r\n\tat org.openqa.selenium.remote.codec.w3c.W3CHttpResponseCodec.createException(W3CHttpResponseCodec.java:200)\r\n\tat org.openqa.selenium.remote.codec.w3c.W3CHttpResponseCodec.decode(W3CHttpResponseCodec.java:133)\r\n\tat org.openqa.selenium.remote.codec.w3c.W3CHttpResponseCodec.decode(W3CHttpResponseCodec.java:53)\r\n\tat org.openqa.selenium.remote.HttpCommandExecutor.execute(HttpCommandExecutor.java:184)\r\n\tat org.openqa.selenium.remote.service.DriverCommandExecutor.invokeExecute(DriverCommandExecutor.java:167)\r\n\tat org.openqa.selenium.remote.service.DriverCommandExecutor.execute(DriverCommandExecutor.java:142)\r\n\tat org.openqa.selenium.remote.RemoteWebDriver.execute(RemoteWebDriver.java:569)\r\n\tat org.openqa.selenium.remote.ElementLocation$ElementFinder$2.findElement(ElementLocation.java:162)\r\n\tat org.openqa.selenium.remote.ElementLocation.findElement(ElementLocation.java:60)\r\n\tat org.openqa.selenium.remote.RemoteWebDriver.findElement(RemoteWebDriver.java:387)\r\n\tat org.openqa.selenium.remote.RemoteWebDriver.findElement(RemoteWebDriver.java:379)\r\n\tat org.example.Pages.P04_Search.product_Sku(P04_Search.java:20)\r\n\tat org.example.StepDefinitions.D04_SearchStepDef.result_With_Name(D04_SearchStepDef.java:42)\r\n\tat ✽.Results appear with products related to the product sku \"SF_PRO_11\"(file:///C:/Users/SMART/IdeaProjects/FWD_E-commerce_App_Automation_Testing/src/main/resources/features/F04_Search.feature:16)\r\n","duration":1916000000,"status":"failed"},"line":16,"name":"Results appear with products related to the product sku \"SF_PRO_11\"","match":{"arguments":[{"val":"\"SF_PRO_11\"","offset":56}],"location":"org.example.StepDefinitions.D04_SearchStepDef.result_With_Name(java.lang.String)"},"keyword":"Then "}],"tags":[{"name":"@smoke"}]}],"name":"F04 | User can search about product","description":"","id":"f04-|-user-can-search-about-product","keyword":"Feature","uri":"file:src/main/resources/features/F04_Search.feature","tags":[{"name":"@smoke","type":"Tag","location":{"line":1,"column":1}}]}]